<?xml version="1.0" encoding="UTF-8"?>
<!-- Generated by org.testng.reporters.JUnitReportReporter -->
<testsuite skipped="0" hostname="LAPTOP-29PDEOGP" name="test.TestAmazon" tests="1" failures="0" timestamp="23 Dec 2019 00:30:55 GMT" time="34.522" errors="0">
  <testcase name="singup" time="34.522" classname="test.TestAmazon"/>
</testsuite> <!-- test.TestAmazon -->
